\BOOKMARK [1][-]{section.1}{Ejercicio 1.}{}% 1
\BOOKMARK [2][-]{subsection.1.1}{Problema computacional.}{section.1}% 2
\BOOKMARK [2][-]{subsection.1.2}{Algoritmo.}{section.1}% 3
\BOOKMARK [2][-]{subsection.1.3}{Instancia del problema.}{section.1}% 4
\BOOKMARK [1][-]{section.2}{Ejercicio 2.}{}% 5
\BOOKMARK [2][-]{subsection.2.1}{Problema computacional.}{section.2}% 6
\BOOKMARK [2][-]{subsection.2.2}{Algoritmo.}{section.2}% 7
\BOOKMARK [2][-]{subsection.2.3}{Instancia del problema.}{section.2}% 8
\BOOKMARK [1][-]{section.3}{Ejercicio 3.}{}% 9
\BOOKMARK [2][-]{subsection.3.1}{Problema computacional.}{section.3}% 10
\BOOKMARK [2][-]{subsection.3.2}{Algoritmo.}{section.3}% 11
\BOOKMARK [2][-]{subsection.3.3}{Instancia del problema.}{section.3}% 12
\BOOKMARK [1][-]{section.4}{Ejercicio 4.}{}% 13
\BOOKMARK [2][-]{subsection.4.1}{Problema computacional.}{section.4}% 14
\BOOKMARK [2][-]{subsection.4.2}{Algoritmo.}{section.4}% 15
\BOOKMARK [2][-]{subsection.4.3}{Instancia del problema.}{section.4}% 16
\BOOKMARK [1][-]{section.5}{Ejercicio 5.}{}% 17
\BOOKMARK [2][-]{subsection.5.1}{Problema computacional.}{section.5}% 18
\BOOKMARK [2][-]{subsection.5.2}{Algoritmo.}{section.5}% 19
\BOOKMARK [2][-]{subsection.5.3}{Instancia del problema.}{section.5}% 20
\BOOKMARK [1][-]{section.6}{Ejercicio 6.}{}% 21
\BOOKMARK [2][-]{subsection.6.1}{Problema computacional.}{section.6}% 22
\BOOKMARK [2][-]{subsection.6.2}{Algoritmo.}{section.6}% 23
\BOOKMARK [2][-]{subsection.6.3}{Instancia del problema.}{section.6}% 24
\BOOKMARK [1][-]{section.7}{Ejercicio 7.}{}% 25
\BOOKMARK [2][-]{subsection.7.1}{Problema computacional.}{section.7}% 26
\BOOKMARK [2][-]{subsection.7.2}{Algoritmo.}{section.7}% 27
\BOOKMARK [2][-]{subsection.7.3}{Instancia del problema.}{section.7}% 28
\BOOKMARK [1][-]{section.8}{Ejercicio 8.}{}% 29
\BOOKMARK [2][-]{subsection.8.1}{Problema computacional.}{section.8}% 30
\BOOKMARK [2][-]{subsection.8.2}{Algoritmo.}{section.8}% 31
\BOOKMARK [2][-]{subsection.8.3}{Instancia del problema.}{section.8}% 32
\BOOKMARK [1][-]{section.9}{Ejercicio 9.}{}% 33
\BOOKMARK [2][-]{subsection.9.1}{Problema computacional.}{section.9}% 34
\BOOKMARK [2][-]{subsection.9.2}{Algoritmo.}{section.9}% 35
\BOOKMARK [2][-]{subsection.9.3}{Instancia del problema.}{section.9}% 36
\BOOKMARK [1][-]{section.10}{Ejercicio 10.}{}% 37
\BOOKMARK [2][-]{subsection.10.1}{Problema computacional.}{section.10}% 38
\BOOKMARK [2][-]{subsection.10.2}{Algoritmo.}{section.10}% 39
\BOOKMARK [2][-]{subsection.10.3}{Instancia del problema.}{section.10}% 40
\BOOKMARK [1][-]{section.11}{Ejercicio 11.}{}% 41
\BOOKMARK [2][-]{subsection.11.1}{Problema computacional.}{section.11}% 42
\BOOKMARK [2][-]{subsection.11.2}{Algoritmo.}{section.11}% 43
\BOOKMARK [2][-]{subsection.11.3}{Instancia del problema.}{section.11}% 44
\BOOKMARK [1][-]{section.12}{Ejercicio 12.}{}% 45
\BOOKMARK [2][-]{subsection.12.1}{Problema computacional.}{section.12}% 46
\BOOKMARK [2][-]{subsection.12.2}{Algoritmo.}{section.12}% 47
\BOOKMARK [2][-]{subsection.12.3}{Instancia del problema.}{section.12}% 48
\BOOKMARK [1][-]{section.13}{Ejercicio 13.}{}% 49
\BOOKMARK [2][-]{subsection.13.1}{Problema computacional.}{section.13}% 50
\BOOKMARK [2][-]{subsection.13.2}{Algoritmo.}{section.13}% 51
\BOOKMARK [2][-]{subsection.13.3}{Instancia del problema.}{section.13}% 52
\BOOKMARK [1][-]{section.14}{Conclusiones.}{}% 53
