\BOOKMARK [1][-]{section.1}{Ejercicio 1.}{}% 1
\BOOKMARK [1][-]{section.2}{Primer programa}{}% 2
\BOOKMARK [2][-]{subsection.2.1}{Problema computacional.}{section.2}% 3
\BOOKMARK [2][-]{subsection.2.2}{Algoritmo.}{section.2}% 4
\BOOKMARK [2][-]{subsection.2.3}{Instancia del problema.}{section.2}% 5
\BOOKMARK [1][-]{section.3}{Segundo programa}{}% 6
\BOOKMARK [2][-]{subsection.3.1}{Problema computacional.}{section.3}% 7
\BOOKMARK [2][-]{subsection.3.2}{Algoritmo.}{section.3}% 8
\BOOKMARK [2][-]{subsection.3.3}{Instancia del problema.}{section.3}% 9
\BOOKMARK [1][-]{section.4}{Tercer programa}{}% 10
\BOOKMARK [2][-]{subsection.4.1}{Problema computacional.}{section.4}% 11
\BOOKMARK [2][-]{subsection.4.2}{Algoritmo.}{section.4}% 12
\BOOKMARK [2][-]{subsection.4.3}{Instancia del problema.}{section.4}% 13
\BOOKMARK [1][-]{section.5}{Cuarto programa}{}% 14
\BOOKMARK [2][-]{subsection.5.1}{Problema computacional.}{section.5}% 15
\BOOKMARK [2][-]{subsection.5.2}{Algoritmo.}{section.5}% 16
\BOOKMARK [2][-]{subsection.5.3}{Instancia del problema.}{section.5}% 17
\BOOKMARK [1][-]{section.6}{Conclusiones.}{}% 18
\BOOKMARK [1][-]{section.7}{C\363digo fuente de MCD}{}% 19
\BOOKMARK [1][-]{section.8}{C\363digo fuente de calcular areas}{}% 20
\BOOKMARK [1][-]{section.9}{C\363digo fuente de Palindromo}{}% 21
\BOOKMARK [1][-]{section.10}{C\363digo fuente del Ordenar n\372meros}{}% 22
